71:./bcm2708.d/asm-generic/bitops/non-atomic.h:42:19: [01;31m[Kerror[m[K: conflicting types for 'test_bit'
93:./bcm2708.d/asm/string.h:18:15: [01;31m[Kerror[m[K: conflicting types for 'memset'
157:./bcm2708.d/asm/atomic.h:13:19: [01;31m[Kerror[m[K: conflicting types for 'atomic_add_return'
172:./bcm2708.d/asm/atomic.h:27:19: [01;31m[Kerror[m[K: conflicting types for 'atomic_sub_return'
186:/Users/cc/Documents/course/os/UCORE/ucore_plus/ucore/src/kern-ucore/libs/list.h:25:20: [01;31m[Kerror[m[K: conflicting types for 'list_add'
199:/Users/cc/Documents/course/os/UCORE/ucore_plus/ucore/src/kern-ucore/libs/list.h:31:20: [01;31m[Kerror[m[K: conflicting types for 'list_del'
212:/Users/cc/Documents/course/os/UCORE/ucore_plus/ucore/src/kern-ucore/libs/list.h:35:20: [01;31m[Kerror[m[K: conflicting types for 'list_empty'
225:/Users/cc/Documents/course/os/UCORE/ucore_plus/ucore/src/kern-ucore/libs/list.h:42:20: [01;31m[Kerror[m[K: conflicting types for '__list_add'
238:/Users/cc/Documents/course/os/UCORE/ucore_plus/ucore/src/kern-ucore/libs/list.h:45:20: [01;31m[Kerror[m[K: conflicting types for '__list_del'
348:/Users/cc/Documents/course/os/UCORE/ucore_plus/ucore/src/kern-ucore/arch/arm/include/spinlock.h:9:21: [01;31m[Kerror[m[K: conflicting types for 'spinlock_t'
376:/Users/cc/Documents/course/os/UCORE/ucore_plus/ucore/src/kern-ucore/sync/wait.h:11:3: [01;31m[Kerror[m[K: conflicting types for 'wait_queue_t'
541:/Users/cc/Documents/course/os/UCORE/ucore_plus/ucore/src/kern-ucore/libs/signum.h:82:18: [01;31m[Kerror[m[K: conflicting types for 'sigset_t'
559:/Users/cc/Documents/course/os/UCORE/ucore_plus/ucore/src/kern-ucore/libs/signum.h:111:8: [01;31m[Kerror[m[K: redefinition of 'struct sigaction'
574:/Users/cc/Documents/course/os/UCORE/ucore_plus/ucore/src/kern-ucore/process/signal.h:32:8: [01;31m[Kerror[m[K: redefinition of 'struct sigpending'
589:/Users/cc/Documents/course/os/UCORE/ucore_plus/ucore/src/kern-ucore/process/signal.h:49:8: [01;31m[Kerror[m[K: redefinition of 'struct signal_struct'
605:/Users/cc/Documents/course/os/UCORE/ucore_plus/ucore/src/kern-ucore/process/signal.h:56:8: [01;31m[Kerror[m[K: redefinition of 'struct sighand_struct'
814:/Users/cc/Documents/course/os/UCORE/ucore_plus/ucore/src/kern-ucore/libs/rb_tree.h:6:16: [01;31m[Kerror[m[K: redefinition of 'struct rb_node'
879:/Users/cc/Documents/course/os/UCORE/ucore_plus/ucore/src/kern-ucore/mm/vmm.h:75:8: [01;31m[Kerror[m[K: redefinition of 'struct mm_struct'
893:/Users/cc/Documents/course/os/UCORE/ucore_plus/ucore/src/kern-ucore/mm/vmm.h:104:20: [01;31m[Kerror[m[K: conflicting types for 'find_vma'
953:bcm2708.dummy.c:83:14: [01;31m[Kerror[m[K: 'UCORE_KAP_IO' undeclared (first use in this function)
992:bcm2708.dummy.c:94:12: [01;31m[Kerror[m[K: 'KERN_ALERT' undeclared (first use in this function)
995:bcm2708.dummy.c:94:23: [01;31m[Kerror[m[K: expected ')' before string constant
998:bcm2708.dummy.c:97:7: [01;31m[Kerror[m[K: 'UCORE_KAP_IO' undeclared (first use in this function)
1002:bcm2708.dummy.c:108:14: [01;31m[Kerror[m[K: conflicting types for 'autoremove_wake_function'
1028:bcm2708.dummy.c:179:18: [01;31m[Kerror[m[K: 'dma_chan_base' undeclared (first use in this function)
1041:bcm2708.dummy.c:252:15: [01;31m[Kerror[m[K: conflicting types for 'finish_wait'
1051:bcm2708.dummy.c:277:15: [01;31m[Kerror[m[K: conflicting types for 'prepare_to_wait'
