make[1]: Nothing to be done for `all'.
make[1]: Nothing to be done for `all'.
Making /Users/cc/Documents/course/os/UCORE/ucore_plus/ucore/obj/sfs-orig.img
ln -snf _initial.small _initial
cp -r /Users/cc/Documents/course/os/UCORE/ucore_plus/ucore/src/user-ucore/_initial/* /Users/cc/Documents/course/os/UCORE/ucore_plus/ucore/obj/.tmpsfs
create /Users/cc/Documents/course/os/UCORE/ucore_plus/ucore/obj/sfs-orig.img (/Users/cc/Documents/course/os/UCORE/ucore_plus/ucore/obj/.tmpsfs) successfully.
Enter /Users/cc/Documents/course/os/UCORE/ucore_plus/ucore/src/kern-ucore/schedule
Enter /Users/cc/Documents/course/os/UCORE/ucore_plus/ucore/src/kern-ucore/syscall
Enter /Users/cc/Documents/course/os/UCORE/ucore_plus/ucore/src/kern-ucore/fs
Enter /Users/cc/Documents/course/os/UCORE/ucore_plus/ucore/src/kern-ucore/fs/devs
Enter /Users/cc/Documents/course/os/UCORE/ucore_plus/ucore/src/kern-ucore/fs/pipe
Enter /Users/cc/Documents/course/os/UCORE/ucore_plus/ucore/src/kern-ucore/fs/vfs
Enter /Users/cc/Documents/course/os/UCORE/ucore_plus/ucore/src/kern-ucore/fs/swap
make[4]: Nothing to be done for `all'.
Enter /Users/cc/Documents/course/os/UCORE/ucore_plus/ucore/src/kern-ucore/fs/sfs
Enter /Users/cc/Documents/course/os/UCORE/ucore_plus/ucore/src/kern-ucore/fs/fatfs
Enter /Users/cc/Documents/course/os/UCORE/ucore_plus/ucore/src/kern-ucore/fs/fatfs/fatfs
Enter /Users/cc/Documents/course/os/UCORE/ucore_plus/ucore/src/kern-ucore/process
Enter /Users/cc/Documents/course/os/UCORE/ucore_plus/ucore/src/kern-ucore/mm
Enter /Users/cc/Documents/course/os/UCORE/ucore_plus/ucore/src/kern-ucore/libs
Enter /Users/cc/Documents/course/os/UCORE/ucore_plus/ucore/src/kern-ucore/sync
Enter /Users/cc/Documents/course/os/UCORE/ucore_plus/ucore/src/kern-ucore/kmodule
Enter /Users/cc/Documents/course/os/UCORE/ucore_plus/ucore/src/kern-ucore/sysconf
Enter /Users/cc/Documents/course/os/UCORE/ucore_plus/ucore/src/kern-ucore/numa
make[3]: Nothing to be done for `all'.
Enter /Users/cc/Documents/course/os/UCORE/ucore_plus/ucore/src/kern-ucore/arch/arm
Enter /Users/cc/Documents/course/os/UCORE/ucore_plus/ucore/src/kern-ucore/arch/arm/debug
Enter /Users/cc/Documents/course/os/UCORE/ucore_plus/ucore/src/kern-ucore/arch/arm/driver
Enter /Users/cc/Documents/course/os/UCORE/ucore_plus/ucore/src/kern-ucore/arch/arm/init
Enter /Users/cc/Documents/course/os/UCORE/ucore_plus/ucore/src/kern-ucore/arch/arm/libs
Enter /Users/cc/Documents/course/os/UCORE/ucore_plus/ucore/src/kern-ucore/arch/arm/mm
Enter /Users/cc/Documents/course/os/UCORE/ucore_plus/ucore/src/kern-ucore/arch/arm/numa
Enter /Users/cc/Documents/course/os/UCORE/ucore_plus/ucore/src/kern-ucore/arch/arm/process
Enter /Users/cc/Documents/course/os/UCORE/ucore_plus/ucore/src/kern-ucore/arch/arm/syscall
Enter /Users/cc/Documents/course/os/UCORE/ucore_plus/ucore/src/kern-ucore/arch/arm/trap
Enter /Users/cc/Documents/course/os/UCORE/ucore_plus/ucore/src/kern-ucore/arch/arm/kmodule
Enter /Users/cc/Documents/course/os/UCORE/ucore_plus/ucore/src/kern-ucore/arch/arm/mach-raspberrypi
Enter /Users/cc/Documents/course/os/UCORE/ucore_plus/ucore/src/kern-ucore/rpifb
Enter /Users/cc/Documents/course/os/UCORE/ucore_plus/ucore/src/kern-ucore/rpifb/cfb
Building uCore Kernel for arm
Linking Initrd into kernel, using /Users/cc/Documents/course/os/UCORE/ucore_plus/ucore/obj/sfs.img
Linking uCore
Making uImage
Image Name:   linux
Created:      Wed May  7 13:03:40 2014
Image Type:   ARM Linux Kernel Image (uncompressed)
Data Size:    4563648 Bytes = 4456.69 kB = 4.35 MB
Load Address: 00008000
Entry Point:  00008000
rm -f kernel.img
dd if=elfloader-rpi.bin of=kernel.img
5+1 records in
5+1 records out
2640 bytes transferred in 0.000035 secs (75326276 bytes/sec)
dd if=/Users/cc/Documents/course/OS/UCORE/ucore_plus/ucore/obj/kernel/kernel-arm.elf of=kernel.img seek=8 conv=notrunc # elfloader-rpi.bin occupies 4K
10671+1 records in
10671+1 records out
5463803 bytes transferred in 0.034092 secs (160266664 bytes/sec)
